[debug] [2022-12-31T09:06:31.805Z] ----------------------------------------------------------------------
[debug] [2022-12-31T09:06:31.806Z] Command:       C:\Program Files\nodejs\node.exe C:\Users\DELL\AppData\Roaming\npm\node_modules\firebase-tools\lib\bin\firebase.js serve
[debug] [2022-12-31T09:06:31.807Z] CLI Version:   11.19.0
[debug] [2022-12-31T09:06:31.807Z] Platform:      win32
[debug] [2022-12-31T09:06:31.807Z] Node Version:  v18.12.1
[debug] [2022-12-31T09:06:31.808Z] Time:          Sat Dec 31 2022 17:06:31 GMT+0800 (Malaysia Time)
[debug] [2022-12-31T09:06:31.808Z] ----------------------------------------------------------------------
[debug] 
[debug] [2022-12-31T09:06:31.903Z] > command requires scopes: ["email","openid","https://www.googleapis.com/auth/cloudplatformprojects.readonly","https://www.googleapis.com/auth/firebase","https://www.googleapis.com/auth/cloud-platform"]
[debug] [2022-12-31T09:06:31.903Z] > authorizing via signed-in user (grantbiz.2022@gmail.com)
[debug] [2022-12-31T09:06:31.903Z] [iam] checking project grantbiz-bf7fb for permissions ["firebase.projects.get"]
[debug] [2022-12-31T09:06:31.905Z] >>> [apiv2][query] POST https://cloudresourcemanager.googleapis.com/v1/projects/grantbiz-bf7fb:testIamPermissions [none]
[debug] [2022-12-31T09:06:31.905Z] >>> [apiv2][(partial)header] POST https://cloudresourcemanager.googleapis.com/v1/projects/grantbiz-bf7fb:testIamPermissions x-goog-quota-user=projects/grantbiz-bf7fb
[debug] [2022-12-31T09:06:31.905Z] >>> [apiv2][body] POST https://cloudresourcemanager.googleapis.com/v1/projects/grantbiz-bf7fb:testIamPermissions {"permissions":["firebase.projects.get"]}
[debug] [2022-12-31T09:06:33.022Z] <<< [apiv2][status] POST https://cloudresourcemanager.googleapis.com/v1/projects/grantbiz-bf7fb:testIamPermissions 200
[debug] [2022-12-31T09:06:33.022Z] <<< [apiv2][body] POST https://cloudresourcemanager.googleapis.com/v1/projects/grantbiz-bf7fb:testIamPermissions {"permissions":["firebase.projects.get"]}
[debug] [2022-12-31T09:06:33.023Z] >>> [apiv2][query] GET https://firebase.googleapis.com/v1beta1/projects/grantbiz-bf7fb [none]
[debug] [2022-12-31T09:06:33.569Z] <<< [apiv2][status] GET https://firebase.googleapis.com/v1beta1/projects/grantbiz-bf7fb 200
[debug] [2022-12-31T09:06:33.569Z] <<< [apiv2][body] GET https://firebase.googleapis.com/v1beta1/projects/grantbiz-bf7fb {"projectId":"grantbiz-bf7fb","projectNumber":"361173622830","displayName":"GrantBiz","name":"projects/grantbiz-bf7fb","resources":{"hostingSite":"grantbiz-bf7fb","storageBucket":"grantbiz-bf7fb.appspot.com","locationId":"asia-southeast1"},"state":"ACTIVE","etag":"1_05808ddb-4803-4529-88c7-25b7957b3427"}
[info] 
[info] === Serving from 'C:\Users\DELL\Documents\GitHub\GrantBiz\grant_biz'...
[info] 
[warn] !  Your requested "node" version "16" doesn't match your global version "18". Using node@18 from host. {"metadata":{"emulator":{"name":"functions"},"message":"Your requested \"node\" version \"16\" doesn't match your global version \"18\". Using node@18 from host."}}
[debug] [2022-12-31T09:06:33.592Z] defaultcredentials: writing to file C:\Users\DELL\AppData\Roaming\firebase\grantbiz_2022_gmail.com_application_default_credentials.json
[debug] [2022-12-31T09:06:33.592Z] >>> [apiv2][query] GET https://firebasehosting.googleapis.com/v1beta1/projects/grantbiz-bf7fb/sites 
[debug] [2022-12-31T09:06:33.595Z] Setting GAC to C:\Users\DELL\AppData\Roaming\firebase\grantbiz_2022_gmail.com_application_default_credentials.json {"metadata":{"emulator":{"name":"functions"},"message":"Setting GAC to C:\\Users\\DELL\\AppData\\Roaming\\firebase\\grantbiz_2022_gmail.com_application_default_credentials.json"}}
[debug] [2022-12-31T09:06:33.596Z] >>> [apiv2][query] GET https://firebase.googleapis.com/v1beta1/projects/grantbiz-bf7fb/adminSdkConfig [none]
[debug] [2022-12-31T09:06:33.987Z] <<< [apiv2][status] GET https://firebase.googleapis.com/v1beta1/projects/grantbiz-bf7fb/adminSdkConfig 200
[debug] [2022-12-31T09:06:33.987Z] <<< [apiv2][body] GET https://firebase.googleapis.com/v1beta1/projects/grantbiz-bf7fb/adminSdkConfig {"projectId":"grantbiz-bf7fb","storageBucket":"grantbiz-bf7fb.appspot.com","locationId":"asia-southeast1"}
[debug] [2022-12-31T09:06:34.489Z] <<< [apiv2][status] GET https://firebasehosting.googleapis.com/v1beta1/projects/grantbiz-bf7fb/sites 200
[debug] [2022-12-31T09:06:34.489Z] <<< [apiv2][body] GET https://firebasehosting.googleapis.com/v1beta1/projects/grantbiz-bf7fb/sites {"sites":[{"name":"projects/grantbiz-bf7fb/sites/grantbiz-bf7fb","defaultUrl":"https://grantbiz-bf7fb.web.app","type":"DEFAULT_SITE"}]}
[debug] [2022-12-31T09:06:34.489Z] >>> [apiv2][query] GET https://firebase.googleapis.com/v1beta1/projects/grantbiz-bf7fb/webApps/-/config [none]
[debug] [2022-12-31T09:06:35.314Z] <<< [apiv2][status] GET https://firebase.googleapis.com/v1beta1/projects/grantbiz-bf7fb/webApps/-/config 200
[debug] [2022-12-31T09:06:35.315Z] <<< [apiv2][body] GET https://firebase.googleapis.com/v1beta1/projects/grantbiz-bf7fb/webApps/-/config {"projectId":"grantbiz-bf7fb","appId":"1:361173622830:web:359d2eac2ad9d5c58cbfbf","storageBucket":"grantbiz-bf7fb.appspot.com","locationId":"asia-southeast1","apiKey":"AIzaSyCrep9d13_blJYg30GGLaI2SFpBoGd_N4w","authDomain":"grantbiz-bf7fb.firebaseapp.com","messagingSenderId":"361173622830"}
[debug] [2022-12-31T09:06:35.319Z] >>> [apiv2][query] GET https://firebase.googleapis.com/v1beta1/projects/grantbiz-bf7fb [none]
[debug] [2022-12-31T09:06:35.635Z] <<< [apiv2][status] GET https://firebase.googleapis.com/v1beta1/projects/grantbiz-bf7fb 200
[debug] [2022-12-31T09:06:35.635Z] <<< [apiv2][body] GET https://firebase.googleapis.com/v1beta1/projects/grantbiz-bf7fb {"projectId":"grantbiz-bf7fb","projectNumber":"361173622830","displayName":"GrantBiz","name":"projects/grantbiz-bf7fb","resources":{"hostingSite":"grantbiz-bf7fb","storageBucket":"grantbiz-bf7fb.appspot.com","locationId":"asia-southeast1"},"state":"ACTIVE","etag":"1_05808ddb-4803-4529-88c7-25b7957b3427"}
[info] i  functions: Watching "C:\Users\DELL\Documents\GitHub\GrantBiz\grant_biz\functions" for Cloud Functions... {"metadata":{"emulator":{"name":"functions"},"message":"Watching \"C:\\Users\\DELL\\Documents\\GitHub\\GrantBiz\\grant_biz\\functions\" for Cloud Functions..."}}
[info] i  hosting[grantbiz-bf7fb]: Serving hosting files from: build {"metadata":{"emulator":{"name":"hosting"},"message":"Serving hosting files from: \u001b[1mbuild\u001b[22m"}}
[info] +  hosting[grantbiz-bf7fb]: Local server: http://localhost:5000 {"metadata":{"emulator":{"name":"hosting"},"message":"Local server: \u001b[4m\u001b[1mhttp://localhost:5000\u001b[22m\u001b[24m"}}
[debug] [2022-12-31T09:06:35.652Z] Validating nodejs source
[warn] !  functions: Couldn't find firebase-functions package in your source code. Have you run 'npm install'? 
[debug] [2022-12-31T09:06:35.653Z] getFunctionsSDKVersion encountered error:Cannot find module 'firebase-functions'
Require stack:
- C:\Users\DELL\AppData\Roaming\npm\node_modules\firebase-tools\lib\deploy\functions\runtimes\node\versioning.js
- C:\Users\DELL\AppData\Roaming\npm\node_modules\firebase-tools\lib\deploy\functions\runtimes\node\index.js
- C:\Users\DELL\AppData\Roaming\npm\node_modules\firebase-tools\lib\deploy\functions\runtimes\index.js
- C:\Users\DELL\AppData\Roaming\npm\node_modules\firebase-tools\lib\gcp\cloudfunctions.js
- C:\Users\DELL\AppData\Roaming\npm\node_modules\firebase-tools\lib\deploy\functions\backend.js
- C:\Users\DELL\AppData\Roaming\npm\node_modules\firebase-tools\lib\emulator\functionsEmulatorShared.js
- C:\Users\DELL\AppData\Roaming\npm\node_modules\firebase-tools\lib\emulator\functionsEmulator.js
- C:\Users\DELL\AppData\Roaming\npm\node_modules\firebase-tools\lib\emulator\controller.js
- C:\Users\DELL\AppData\Roaming\npm\node_modules\firebase-tools\lib\emulator\commandUtils.js
- C:\Users\DELL\AppData\Roaming\npm\node_modules\firebase-tools\lib\commands\database-get.js
- C:\Users\DELL\AppData\Roaming\npm\node_modules\firebase-tools\lib\commands\index.js
- C:\Users\DELL\AppData\Roaming\npm\node_modules\firebase-tools\lib\index.js
- C:\Users\DELL\AppData\Roaming\npm\node_modules\firebase-tools\lib\bin\firebase.js {"code":"MODULE_NOT_FOUND","requireStack":["C:\\Users\\DELL\\AppData\\Roaming\\npm\\node_modules\\firebase-tools\\lib\\deploy\\functions\\runtimes\\node\\versioning.js","C:\\Users\\DELL\\AppData\\Roaming\\npm\\node_modules\\firebase-tools\\lib\\deploy\\functions\\runtimes\\node\\index.js","C:\\Users\\DELL\\AppData\\Roaming\\npm\\node_modules\\firebase-tools\\lib\\deploy\\functions\\runtimes\\index.js","C:\\Users\\DELL\\AppData\\Roaming\\npm\\node_modules\\firebase-tools\\lib\\gcp\\cloudfunctions.js","C:\\Users\\DELL\\AppData\\Roaming\\npm\\node_modules\\firebase-tools\\lib\\deploy\\functions\\backend.js","C:\\Users\\DELL\\AppData\\Roaming\\npm\\node_modules\\firebase-tools\\lib\\emulator\\functionsEmulatorShared.js","C:\\Users\\DELL\\AppData\\Roaming\\npm\\node_modules\\firebase-tools\\lib\\emulator\\functionsEmulator.js","C:\\Users\\DELL\\AppData\\Roaming\\npm\\node_modules\\firebase-tools\\lib\\emulator\\controller.js","C:\\Users\\DELL\\AppData\\Roaming\\npm\\node_modules\\firebase-tools\\lib\\emulator\\commandUtils.js","C:\\Users\\DELL\\AppData\\Roaming\\npm\\node_modules\\firebase-tools\\lib\\commands\\database-get.js","C:\\Users\\DELL\\AppData\\Roaming\\npm\\node_modules\\firebase-tools\\lib\\commands\\index.js","C:\\Users\\DELL\\AppData\\Roaming\\npm\\node_modules\\firebase-tools\\lib\\index.js","C:\\Users\\DELL\\AppData\\Roaming\\npm\\node_modules\\firebase-tools\\lib\\bin\\firebase.js"]}
[debug] [2022-12-31T09:06:35.654Z] checkFunctionsSDKVersion encountered error:Invalid Version:  {}
[debug] [2022-12-31T09:06:35.654Z] > [functions] package.json contents: {
  "name": "functions",
  "description": "Cloud Functions for Firebase",
  "scripts": {
    "lint": "eslint .",
    "serve": "firebase emulators:start --only functions",
    "shell": "firebase functions:shell",
    "start": "npm run shell",
    "deploy": "firebase deploy --only functions",
    "logs": "firebase functions:log"
  },
  "engines": {
    "node": "16"
  },
  "main": "index.js",
  "dependencies": {
    "firebase-admin": "^10.0.2",
    "firebase-functions": "^3.18.0"
  },
  "devDependencies": {
    "eslint": "^8.9.0",
    "eslint-config-google": "^0.14.0",
    "firebase-functions-test": "^0.2.0"
  },
  "private": true
}
[debug] [2022-12-31T09:06:35.655Z] Building nodejs source
[debug] [2022-12-31T09:06:35.655Z] Could not parse firebase-functions version '' into semver. Falling back to parseTriggers.
[info] +  functions: Loaded functions definitions from source: . {"metadata":{"emulator":{"name":"functions"},"message":"Loaded functions definitions from source: ."}}
[info] i  hosting: ::1 - - [31/Dec/2022:09:06:47 +0000] "GET /serviceworker.js HTTP/1.1" 200 - "http://localhost:5000/serviceworker.js" "Mozilla/5.0 (Windows NT 10.0; Win64; x64) AppleWebKit/537.36 (KHTML, like Gecko) Chrome/108.0.0.0 Safari/537.36" {"metadata":{"emulator":{"name":"hosting"},"message":"::1 - - [31/Dec/2022:09:06:47 +0000] \"GET /serviceworker.js HTTP/1.1\" 200 - \"http://localhost:5000/serviceworker.js\" \"Mozilla/5.0 (Windows NT 10.0; Win64; x64) AppleWebKit/537.36 (KHTML, like Gecko) Chrome/108.0.0.0 Safari/537.36\""}}
[info] i  hosting: ::1 - - [31/Dec/2022:09:06:49 +0000] "GET / HTTP/1.1" 200 - "-" "Mozilla/5.0 (Windows NT 10.0; Win64; x64) AppleWebKit/537.36 (KHTML, like Gecko) Chrome/108.0.0.0 Safari/537.36" {"metadata":{"emulator":{"name":"hosting"},"message":"::1 - - [31/Dec/2022:09:06:49 +0000] \"GET / HTTP/1.1\" 200 - \"-\" \"Mozilla/5.0 (Windows NT 10.0; Win64; x64) AppleWebKit/537.36 (KHTML, like Gecko) Chrome/108.0.0.0 Safari/537.36\""}}
[info] i  hosting: ::1 - - [31/Dec/2022:09:06:51 +0000] "GET /serviceworker.js HTTP/1.1" 200 - "http://localhost:5000/serviceworker.js" "Mozilla/5.0 (Windows NT 10.0; Win64; x64) AppleWebKit/537.36 (KHTML, like Gecko) Chrome/108.0.0.0 Safari/537.36" {"metadata":{"emulator":{"name":"hosting"},"message":"::1 - - [31/Dec/2022:09:06:51 +0000] \"GET /serviceworker.js HTTP/1.1\" 200 - \"http://localhost:5000/serviceworker.js\" \"Mozilla/5.0 (Windows NT 10.0; Win64; x64) AppleWebKit/537.36 (KHTML, like Gecko) Chrome/108.0.0.0 Safari/537.36\""}}
